
12月 08, 2015 22:01:11.12 NEW SESSION
12月 08, 2015 22:01:11.12 [GFX1-]: Unexpected Intel/AMD dual-GPU setup
12月 08, 2015 22:01:11.13 [GFX1-]: Unexpected Intel/AMD dual-GPU setup
12月 08, 2015 22:12:45.68 1449583965683	addons.update-checker	WARN	Update manifest for {972ce4c6-7e08-4474-a285-3208198ce6fd} did not contain an updates property
12月 08, 2015 22:12:51.32 1449583971328	addons.manager	WARN	Exception calling callback: Error: Unknown add-on ID firefox-hotfix@mozilla.org (resource://gre/modules/addons/XPIProvider.jsm:7857:11) JS Stack trace: DirInstallLocation_getLocationForID@XPIProvider.jsm:7857:11 < XPI_uninstallAddon@XPIProvider.jsm:5030:20 < AddonWrapper_uninstall@XPIProvider.jsm:7306:5 < uninstallHotfix/<@resource://gre/modules/addons/XPIProvider.jsm -> jar:file:///C:/Users/Administrator/AppData/Roaming/Mozilla/Firefox/Profiles/s45r5t1y.default/extensions/firefox-hotfix@bootstrap.js:59:5 < safeCall@AddonManager.jsm:173:5 < makeSafe/<@AddonManager.jsm:189:25 < Handler.prototype.process@Promise-backend.js:934:23 < this.PromiseWalker.walkerLoop@Promise-backend.js:813:7 < this.PromiseWalker.scheduleWalkerLoop/<@Promise-backend.js:747:1

12月 09, 2015 22:33:17.35 NEW SESSION
12月 09, 2015 22:33:17.35 [GFX1-]: Unexpected Intel/AMD dual-GPU setup
12月 09, 2015 22:33:17.39 [GFX1-]: Unexpected Intel/AMD dual-GPU setup
12月 09, 2015 22:44:15.95 1449672255955	addons.update-checker	WARN	Update manifest for {972ce4c6-7e08-4474-a285-3208198ce6fd} did not contain an updates property

12月 14, 2015 20:55:00.27 NEW SESSION
12月 14, 2015 20:55:00.27 [GFX1-]: Unexpected Intel/AMD dual-GPU setup
12月 14, 2015 20:55:00.30 [GFX1-]: Unexpected Intel/AMD dual-GPU setup
12月 14, 2015 21:05:24.64 1450098324644	addons.update-checker	WARN	Update manifest for {972ce4c6-7e08-4474-a285-3208198ce6fd} did not contain an updates property

12月 14, 2015 23:11:28.68 NEW SESSION
12月 14, 2015 23:11:28.68 [GFX1-]: Unexpected Intel/AMD dual-GPU setup
12月 14, 2015 23:11:28.70 [GFX1-]: Unexpected Intel/AMD dual-GPU setup

12月 16, 2015 21:06:08.52 NEW SESSION
12月 16, 2015 21:06:08.52 [GFX1-]: Unexpected Intel/AMD dual-GPU setup
12月 16, 2015 21:06:08.55 [GFX1-]: Unexpected Intel/AMD dual-GPU setup
12月 16, 2015 21:17:38.63 1450271858632	addons.update-checker	WARN	Update manifest for {972ce4c6-7e08-4474-a285-3208198ce6fd} did not contain an updates property

12月 22, 2015 22:14:38.86 NEW SESSION
12月 22, 2015 22:14:38.86 AUP timeline: Entered aup.init()                      	 (first event)
12月 22, 2015 22:14:38.90 AUP timeline: * calling prefs.init()                  	 (1)
12月 22, 2015 22:14:38.90 AUP timeline: * calling filterListener.init()         	 (2)
12月 22, 2015 22:14:38.90 AUP timeline: * calling proxy.init()                  	 (0)
12月 22, 2015 22:14:38.90 AUP timeline: * calling filterStorage.init()          	 (1)
12月 22, 2015 22:14:38.90 AUP timeline: * Entered filterStorage.loadFromDisk()  	 (0)
12月 22, 2015 22:14:38.90 AUP timeline: * * done locating patterns.ini file     	 (1)
12月 22, 2015 22:14:38.90 AUP timeline: * * done parsing file                   	 (1)
12月 22, 2015 22:14:38.90 AUP timeline: * * load complete, calling observers    	 (0)
12月 22, 2015 22:14:38.90 AUP timeline: * filterStorage.loadFromDisk() done     	 (1)
12月 22, 2015 22:14:38.90 AUP timeline: * calling policy.init()                 	 (0)
12月 22, 2015 22:14:38.90 AUP timeline: * calling synchronizer.init()           	 (1)
12月 22, 2015 22:14:38.90 AUP timeline: aup.init() done                         	 (0)
12月 22, 2015 22:14:38.94 [GFX1-]: Unexpected Intel/AMD dual-GPU setup
12月 22, 2015 22:14:38.94 [GFX1-]: Unexpected Intel/AMD dual-GPU setup
12月 23, 2015 24:01:34.11 AUP timeline: Entered filterStorage.saveToDisk()      	 (first event)
12月 23, 2015 24:01:34.11 AUP timeline: * created temp file                     	 (4)
12月 23, 2015 24:01:34.11 AUP timeline: * saved filter data                     	 (1)
12月 23, 2015 24:01:34.11 AUP timeline: * saved subscription data               	 (0)
12月 23, 2015 24:01:34.11 AUP timeline: * finalized file write                  	 (1)
12月 23, 2015 24:01:34.12 AUP timeline: * created backups and renamed temp file 	 (5)
12月 23, 2015 24:01:34.12 AUP timeline: filterStorage.saveToDisk() done         	 (0)

12月 23, 2015 21:26:55.48 NEW SESSION
12月 23, 2015 21:26:55.48 AUP timeline: Entered aup.init()                      	 (first event)
12月 23, 2015 21:26:55.50 AUP timeline: * calling prefs.init()                  	 (1)
12月 23, 2015 21:26:55.50 AUP timeline: * calling filterListener.init()         	 (1)
12月 23, 2015 21:26:55.50 AUP timeline: * calling proxy.init()                  	 (0)
12月 23, 2015 21:26:55.50 AUP timeline: * calling filterStorage.init()          	 (1)
12月 23, 2015 21:26:55.50 AUP timeline: * Entered filterStorage.loadFromDisk()  	 (0)
12月 23, 2015 21:26:55.50 AUP timeline: * * done locating patterns.ini file     	 (0)
12月 23, 2015 21:26:55.50 AUP timeline: * * done parsing file                   	 (2)
12月 23, 2015 21:26:55.50 AUP timeline: * * load complete, calling observers    	 (0)
12月 23, 2015 21:26:55.51 AUP timeline: * filterStorage.loadFromDisk() done     	 (0)
12月 23, 2015 21:26:55.51 AUP timeline: * calling policy.init()                 	 (0)
12月 23, 2015 21:26:55.51 AUP timeline: * calling synchronizer.init()           	 (2)
12月 23, 2015 21:26:55.51 AUP timeline: aup.init() done                         	 (0)
12月 23, 2015 21:26:55.54 [GFX1-]: Unexpected Intel/AMD dual-GPU setup
12月 23, 2015 21:26:55.54 [GFX1-]: Unexpected Intel/AMD dual-GPU setup
12月 23, 2015 21:36:59.86 1450877819863	addons.update-checker	WARN	Update manifest for {972ce4c6-7e08-4474-a285-3208198ce6fd} did not contain an updates property
